[0416/051439.955:ERROR:process_info.cc(329)] VirtualQueryEx: Accès refusé. (0x5)
[0416/051440.049:ERROR:process_info.cc(556)] ReadMemoryInfo failed
[0416/051440.049:ERROR:scoped_process_suspend.cc(40)] NtResumeProcess: Tentative d’accès à un processus en cours d’arrêt. (0xc000010a)
[0623/234544.466:ERROR:settings.cc(320)] Settings magic is not 1129342067
[0624/012308.612:ERROR:process_reader_win.cc(151)] SuspendThread: Accès refusé. (0x5)
[0624/012308.613:ERROR:process_reader_win.cc(151)] SuspendThread: Accès refusé. (0x5)
[0624/012308.617:ERROR:process_reader_win.cc(151)] SuspendThread: Accès refusé. (0x5)
[0624/012308.617:ERROR:process_reader_win.cc(151)] SuspendThread: Accès refusé. (0x5)
[0624/012308.617:ERROR:process_reader_win.cc(151)] SuspendThread: Accès refusé. (0x5)
[0624/012308.617:ERROR:process_reader_win.cc(151)] SuspendThread: Accès refusé. (0x5)
[0624/012308.617:ERROR:process_reader_win.cc(151)] SuspendThread: Accès refusé. (0x5)
[0624/012308.617:ERROR:process_reader_win.cc(151)] SuspendThread: Accès refusé. (0x5)
[0624/012308.617:ERROR:process_reader_win.cc(151)] SuspendThread: Accès refusé. (0x5)
[0624/012308.617:ERROR:process_reader_win.cc(151)] SuspendThread: Accès refusé. (0x5)
[0624/012308.617:ERROR:process_reader_win.cc(151)] SuspendThread: Accès refusé. (0x5)
[0624/012308.617:ERROR:process_reader_win.cc(151)] SuspendThread: Accès refusé. (0x5)
[0624/012308.617:ERROR:process_reader_win.cc(151)] SuspendThread: Accès refusé. (0x5)
[0624/012308.617:ERROR:process_reader_win.cc(151)] SuspendThread: Accès refusé. (0x5)
[0624/012308.618:ERROR:process_reader_win.cc(151)] SuspendThread: Accès refusé. (0x5)
[0624/012308.618:ERROR:process_reader_win.cc(151)] SuspendThread: Accès refusé. (0x5)
[0624/012308.633:ERROR:process_reader_win.cc(151)] SuspendThread: Accès refusé. (0x5)
[0624/012308.633:ERROR:process_reader_win.cc(151)] SuspendThread: Accès refusé. (0x5)
[0624/012308.635:ERROR:process_reader_win.cc(151)] SuspendThread: Accès refusé. (0x5)
[0624/012308.635:ERROR:process_reader_win.cc(151)] SuspendThread: Accès refusé. (0x5)
[0624/012308.650:ERROR:process_reader_win.cc(151)] SuspendThread: Accès refusé. (0x5)
[0624/012308.650:ERROR:process_reader_win.cc(151)] SuspendThread: Accès refusé. (0x5)
[0624/012308.650:ERROR:process_reader_win.cc(151)] SuspendThread: Accès refusé. (0x5)
[0624/012308.650:ERROR:process_reader_win.cc(151)] SuspendThread: Accès refusé. (0x5)
[0624/012308.650:ERROR:process_reader_win.cc(151)] SuspendThread: Accès refusé. (0x5)
[0624/012308.651:ERROR:process_reader_win.cc(151)] SuspendThread: Accès refusé. (0x5)
[0624/012308.651:ERROR:process_reader_win.cc(151)] SuspendThread: Accès refusé. (0x5)
[0624/012308.651:ERROR:process_reader_win.cc(151)] SuspendThread: Accès refusé. (0x5)
[0624/012308.651:ERROR:process_reader_win.cc(151)] SuspendThread: Accès refusé. (0x5)
[0624/012308.651:ERROR:process_reader_win.cc(151)] SuspendThread: Accès refusé. (0x5)
[0624/012308.651:ERROR:process_reader_win.cc(151)] SuspendThread: Accès refusé. (0x5)
[0624/012308.651:ERROR:process_reader_win.cc(151)] SuspendThread: Accès refusé. (0x5)
[0624/012308.651:ERROR:process_reader_win.cc(151)] SuspendThread: Accès refusé. (0x5)
[0624/012308.651:ERROR:process_reader_win.cc(151)] SuspendThread: Accès refusé. (0x5)
[0624/012308.635:ERROR:process_reader_win.cc(123)] NtOpenThread: {Accès refusé} Un processus a demandé l’accès a un objet, mais il ne bénéficie pas des autorisations nécessaires. (0xc0000022)
[0624/012308.659:ERROR:exception_snapshot_win.cc(98)] thread ID 11156 not found in process
[0624/012308.633:ERROR:process_reader_win.cc(123)] NtOpenThread: {Accès refusé} Un processus a demandé l’accès a un objet, mais il ne bénéficie pas des autorisations nécessaires. (0xc0000022)
[0624/012308.659:ERROR:exception_snapshot_win.cc(98)] thread ID 9492 not found in process
[0624/012308.651:ERROR:process_reader_win.cc(123)] NtOpenThread: {Accès refusé} Un processus a demandé l’accès a un objet, mais il ne bénéficie pas des autorisations nécessaires. (0xc0000022)
[0624/012308.618:ERROR:process_reader_win.cc(123)] NtOpenThread: {Accès refusé} Un processus a demandé l’accès a un objet, mais il ne bénéficie pas des autorisations nécessaires. (0xc0000022)
[0624/012308.613:ERROR:process_reader_win.cc(123)] NtOpenThread: {Accès refusé} Un processus a demandé l’accès a un objet, mais il ne bénéficie pas des autorisations nécessaires. (0xc0000022)
[0624/012308.660:ERROR:exception_snapshot_win.cc(98)] thread ID 11160 not found in process
[0624/012308.660:ERROR:exception_snapshot_win.cc(98)] thread ID 11152 not found in process
[0624/012308.660:ERROR:exception_snapshot_win.cc(98)] thread ID 9640 not found in process
[0624/012308.676:ERROR:process_reader_win.cc(151)] SuspendThread: Accès refusé. (0x5)
[0624/012308.676:ERROR:process_reader_win.cc(151)] SuspendThread: Accès refusé. (0x5)
[0624/012308.676:ERROR:process_reader_win.cc(151)] SuspendThread: Accès refusé. (0x5)
[0624/012308.676:ERROR:process_reader_win.cc(151)] SuspendThread: Accès refusé. (0x5)
[0624/012308.676:ERROR:process_reader_win.cc(151)] SuspendThread: Accès refusé. (0x5)
[0624/012308.676:ERROR:process_reader_win.cc(151)] SuspendThread: Accès refusé. (0x5)
[0624/012308.676:ERROR:process_reader_win.cc(151)] SuspendThread: Accès refusé. (0x5)
[0624/012308.676:ERROR:process_reader_win.cc(151)] SuspendThread: Accès refusé. (0x5)
[0624/012308.676:ERROR:process_reader_win.cc(151)] SuspendThread: Accès refusé. (0x5)
[0624/012308.677:ERROR:process_reader_win.cc(151)] SuspendThread: Accès refusé. (0x5)
[0624/012308.677:ERROR:process_reader_win.cc(151)] SuspendThread: Accès refusé. (0x5)
[0624/012308.677:ERROR:process_reader_win.cc(151)] SuspendThread: Accès refusé. (0x5)
[0624/012308.677:ERROR:process_reader_win.cc(151)] SuspendThread: Accès refusé. (0x5)
[0624/012308.677:ERROR:process_reader_win.cc(123)] NtOpenThread: {Accès refusé} Un processus a demandé l’accès a un objet, mais il ne bénéficie pas des autorisations nécessaires. (0xc0000022)
[0624/012308.677:ERROR:exception_snapshot_win.cc(98)] thread ID 11148 not found in process
[0624/012308.689:ERROR:process_reader_win.cc(151)] SuspendThread: Accès refusé. (0x5)
[0624/012308.689:ERROR:process_reader_win.cc(151)] SuspendThread: Accès refusé. (0x5)
[0624/012308.689:ERROR:process_reader_win.cc(151)] SuspendThread: Accès refusé. (0x5)
[0624/012308.689:ERROR:process_reader_win.cc(151)] SuspendThread: Accès refusé. (0x5)
[0624/012308.689:ERROR:process_reader_win.cc(151)] SuspendThread: Accès refusé. (0x5)
[0624/012308.689:ERROR:process_reader_win.cc(151)] SuspendThread: Accès refusé. (0x5)
[0624/012308.689:ERROR:process_reader_win.cc(151)] SuspendThread: Accès refusé. (0x5)
[0624/012308.689:ERROR:process_reader_win.cc(151)] SuspendThread: Accès refusé. (0x5)
[0624/012308.689:ERROR:process_reader_win.cc(151)] SuspendThread: Accès refusé. (0x5)
[0624/012308.689:ERROR:process_reader_win.cc(151)] SuspendThread: Accès refusé. (0x5)
[0624/012308.690:ERROR:process_reader_win.cc(151)] SuspendThread: Accès refusé. (0x5)
[0624/012308.690:ERROR:process_reader_win.cc(151)] SuspendThread: Accès refusé. (0x5)
[0624/012308.690:ERROR:process_reader_win.cc(151)] SuspendThread: Accès refusé. (0x5)
[0624/012308.690:ERROR:process_reader_win.cc(123)] NtOpenThread: {Accès refusé} Un processus a demandé l’accès a un objet, mais il ne bénéficie pas des autorisations nécessaires. (0xc0000022)
[0624/012308.690:ERROR:exception_snapshot_win.cc(98)] thread ID 11168 not found in process
[0624/012308.725:ERROR:process_reader_win.cc(151)] SuspendThread: Accès refusé. (0x5)
[0624/012308.725:ERROR:process_reader_win.cc(151)] SuspendThread: Accès refusé. (0x5)
[0624/012308.725:ERROR:process_reader_win.cc(151)] SuspendThread: Accès refusé. (0x5)
[0624/012308.725:ERROR:process_reader_win.cc(151)] SuspendThread: Accès refusé. (0x5)
[0624/012308.725:ERROR:process_reader_win.cc(151)] SuspendThread: Accès refusé. (0x5)
[0624/012308.725:ERROR:process_reader_win.cc(151)] SuspendThread: Accès refusé. (0x5)
[0624/012308.725:ERROR:process_reader_win.cc(151)] SuspendThread: Accès refusé. (0x5)
[0624/012308.725:ERROR:process_reader_win.cc(151)] SuspendThread: Accès refusé. (0x5)
[0624/012308.725:ERROR:process_reader_win.cc(151)] SuspendThread: Accès refusé. (0x5)
[0624/012308.725:ERROR:process_reader_win.cc(151)] SuspendThread: Accès refusé. (0x5)
[0624/012308.725:ERROR:process_reader_win.cc(151)] SuspendThread: Accès refusé. (0x5)
[0624/012308.725:ERROR:process_reader_win.cc(151)] SuspendThread: Accès refusé. (0x5)
[0624/012308.726:ERROR:process_reader_win.cc(151)] SuspendThread: Accès refusé. (0x5)
[0624/012308.726:ERROR:process_reader_win.cc(123)] NtOpenThread: {Accès refusé} Un processus a demandé l’accès a un objet, mais il ne bénéficie pas des autorisations nécessaires. (0xc0000022)
[0624/012308.726:ERROR:exception_snapshot_win.cc(98)] thread ID 11164 not found in process
[0624/012308.746:ERROR:process_reader_win.cc(151)] SuspendThread: Accès refusé. (0x5)
[0624/012308.746:ERROR:process_reader_win.cc(151)] SuspendThread: Accès refusé. (0x5)
[0624/012308.746:ERROR:process_reader_win.cc(151)] SuspendThread: Accès refusé. (0x5)
[0624/012308.746:ERROR:process_reader_win.cc(151)] SuspendThread: Accès refusé. (0x5)
[0624/012308.746:ERROR:process_reader_win.cc(151)] SuspendThread: Accès refusé. (0x5)
[0624/012308.746:ERROR:process_reader_win.cc(151)] SuspendThread: Accès refusé. (0x5)
[0624/012308.746:ERROR:process_reader_win.cc(151)] SuspendThread: Accès refusé. (0x5)
[0624/012308.746:ERROR:process_reader_win.cc(151)] SuspendThread: Accès refusé. (0x5)
[0624/012308.746:ERROR:process_reader_win.cc(151)] SuspendThread: Accès refusé. (0x5)
[0624/012308.746:ERROR:process_reader_win.cc(151)] SuspendThread: Accès refusé. (0x5)
[0624/012308.746:ERROR:process_reader_win.cc(151)] SuspendThread: Accès refusé. (0x5)
[0624/012308.746:ERROR:process_reader_win.cc(151)] SuspendThread: Accès refusé. (0x5)
[0624/012308.746:ERROR:process_reader_win.cc(151)] SuspendThread: Accès refusé. (0x5)
[0624/012308.746:ERROR:process_reader_win.cc(123)] NtOpenThread: {Accès refusé} Un processus a demandé l’accès a un objet, mais il ne bénéficie pas des autorisations nécessaires. (0xc0000022)
[0624/012308.746:ERROR:exception_snapshot_win.cc(98)] thread ID 11144 not found in process
[0624/012308.805:ERROR:process_reader_win.cc(151)] SuspendThread: Accès refusé. (0x5)
[0624/012308.805:ERROR:process_reader_win.cc(151)] SuspendThread: Accès refusé. (0x5)
[0624/012308.805:ERROR:process_reader_win.cc(151)] SuspendThread: Accès refusé. (0x5)
[0624/012308.805:ERROR:process_reader_win.cc(151)] SuspendThread: Accès refusé. (0x5)
[0624/012308.805:ERROR:process_reader_win.cc(151)] SuspendThread: Accès refusé. (0x5)
[0624/012308.805:ERROR:process_reader_win.cc(151)] SuspendThread: Accès refusé. (0x5)
[0624/012308.805:ERROR:process_reader_win.cc(151)] SuspendThread: Accès refusé. (0x5)
[0624/012308.805:ERROR:process_reader_win.cc(151)] SuspendThread: Accès refusé. (0x5)
[0624/012308.805:ERROR:process_reader_win.cc(151)] SuspendThread: Accès refusé. (0x5)
[0624/012308.805:ERROR:process_reader_win.cc(151)] SuspendThread: Accès refusé. (0x5)
[0624/012308.805:ERROR:process_reader_win.cc(151)] SuspendThread: Accès refusé. (0x5)
[0624/012308.805:ERROR:process_reader_win.cc(151)] SuspendThread: Accès refusé. (0x5)
[0624/012308.805:ERROR:process_reader_win.cc(151)] SuspendThread: Accès refusé. (0x5)
[0624/012308.805:ERROR:process_reader_win.cc(123)] NtOpenThread: {Accès refusé} Un processus a demandé l’accès a un objet, mais il ne bénéficie pas des autorisations nécessaires. (0xc0000022)
[0624/012308.805:ERROR:exception_snapshot_win.cc(98)] thread ID 11924 not found in process
[0624/012308.840:ERROR:process_reader_win.cc(151)] SuspendThread: Accès refusé. (0x5)
[0624/012308.841:ERROR:process_reader_win.cc(151)] SuspendThread: Accès refusé. (0x5)
[0624/012308.841:ERROR:process_reader_win.cc(151)] SuspendThread: Accès refusé. (0x5)
[0624/012308.841:ERROR:process_reader_win.cc(151)] SuspendThread: Accès refusé. (0x5)
[0624/012308.841:ERROR:process_reader_win.cc(151)] SuspendThread: Accès refusé. (0x5)
[0624/012308.841:ERROR:process_reader_win.cc(151)] SuspendThread: Accès refusé. (0x5)
[0624/012308.841:ERROR:process_reader_win.cc(151)] SuspendThread: Accès refusé. (0x5)
[0624/012308.841:ERROR:process_reader_win.cc(151)] SuspendThread: Accès refusé. (0x5)
[0624/012308.841:ERROR:process_reader_win.cc(151)] SuspendThread: Accès refusé. (0x5)
[0624/012308.841:ERROR:process_reader_win.cc(151)] SuspendThread: Accès refusé. (0x5)
[0624/012308.841:ERROR:process_reader_win.cc(151)] SuspendThread: Accès refusé. (0x5)
[0624/012308.841:ERROR:process_reader_win.cc(151)] SuspendThread: Accès refusé. (0x5)
[0624/012308.841:ERROR:process_reader_win.cc(151)] SuspendThread: Accès refusé. (0x5)
[0624/012308.841:ERROR:process_reader_win.cc(123)] NtOpenThread: {Accès refusé} Un processus a demandé l’accès a un objet, mais il ne bénéficie pas des autorisations nécessaires. (0xc0000022)
[0624/012308.841:ERROR:exception_snapshot_win.cc(98)] thread ID 11760 not found in process
[0624/012308.875:ERROR:process_reader_win.cc(151)] SuspendThread: Accès refusé. (0x5)
[0624/012308.875:ERROR:process_reader_win.cc(151)] SuspendThread: Accès refusé. (0x5)
[0624/012308.875:ERROR:process_reader_win.cc(151)] SuspendThread: Accès refusé. (0x5)
[0624/012308.875:ERROR:process_reader_win.cc(151)] SuspendThread: Accès refusé. (0x5)
[0624/012308.875:ERROR:process_reader_win.cc(151)] SuspendThread: Accès refusé. (0x5)
[0624/012308.875:ERROR:process_reader_win.cc(151)] SuspendThread: Accès refusé. (0x5)
[0624/012308.875:ERROR:process_reader_win.cc(151)] SuspendThread: Accès refusé. (0x5)
[0624/012308.875:ERROR:process_reader_win.cc(151)] SuspendThread: Accès refusé. (0x5)
[0624/012308.875:ERROR:process_reader_win.cc(151)] SuspendThread: Accès refusé. (0x5)
[0624/012308.875:ERROR:process_reader_win.cc(151)] SuspendThread: Accès refusé. (0x5)
[0624/012308.875:ERROR:process_reader_win.cc(151)] SuspendThread: Accès refusé. (0x5)
[0624/012308.875:ERROR:process_reader_win.cc(151)] SuspendThread: Accès refusé. (0x5)
[0624/012308.875:ERROR:process_reader_win.cc(151)] SuspendThread: Accès refusé. (0x5)
[0624/012308.875:ERROR:process_reader_win.cc(123)] NtOpenThread: {Accès refusé} Un processus a demandé l’accès a un objet, mais il ne bénéficie pas des autorisations nécessaires. (0xc0000022)
[0624/012308.875:ERROR:exception_snapshot_win.cc(98)] thread ID 9956 not found in process
[0624/012309.002:ERROR:process_reader_win.cc(151)] SuspendThread: Accès refusé. (0x5)
[0624/012309.002:ERROR:process_reader_win.cc(151)] SuspendThread: Accès refusé. (0x5)
[0624/012309.002:ERROR:process_reader_win.cc(151)] SuspendThread: Accès refusé. (0x5)
[0624/012309.002:ERROR:process_reader_win.cc(151)] SuspendThread: Accès refusé. (0x5)
[0624/012309.002:ERROR:process_reader_win.cc(151)] SuspendThread: Accès refusé. (0x5)
[0624/012309.002:ERROR:process_reader_win.cc(151)] SuspendThread: Accès refusé. (0x5)
[0624/012309.002:ERROR:process_reader_win.cc(151)] SuspendThread: Accès refusé. (0x5)
[0624/012309.002:ERROR:process_reader_win.cc(151)] SuspendThread: Accès refusé. (0x5)
[0624/012309.002:ERROR:process_reader_win.cc(151)] SuspendThread: Accès refusé. (0x5)
[0624/012309.002:ERROR:process_reader_win.cc(151)] SuspendThread: Accès refusé. (0x5)
[0624/012309.002:ERROR:process_reader_win.cc(151)] SuspendThread: Accès refusé. (0x5)
[0624/012309.002:ERROR:process_reader_win.cc(151)] SuspendThread: Accès refusé. (0x5)
[0624/012309.002:ERROR:process_reader_win.cc(151)] SuspendThread: Accès refusé. (0x5)
[0624/012309.002:ERROR:process_reader_win.cc(123)] NtOpenThread: {Accès refusé} Un processus a demandé l’accès a un objet, mais il ne bénéficie pas des autorisations nécessaires. (0xc0000022)
[0624/012309.002:ERROR:exception_snapshot_win.cc(98)] thread ID 11196 not found in process
